2019-07-05 15:47:17,794 - UserManagerSystem - DEBUG - UserManagerSystem_v6 -  is loged fialed!
2019-07-05 15:47:24,367 - UserManagerSystem - DEBUG - UserManagerSystem_v6 - 51reboot is loged in!
2019-07-05 15:47:24,367 - UserManagerSystem - DEBUG - UserManagerSystem_v6 - 51reboot is loged in!
2019-07-05 18:45:59,683 - UserManagerSystem - DEBUG - UserManagerSystem_v6 - 51reboot is loged in!
2019-07-05 18:50:05,692 - UserManagerSystem - DEBUG - UserManagerSystem_v6 - 51reboot is loged in!
2019-07-05 19:19:55,163 - UserManagerSystem - DEBUG - UserManagerSystem_v6 - 51reboot is loged in!
2019-07-05 19:20:30,077 - UserManagerSystem - DEBUG - UserManagerSystem_v6 - 51reboot is loged in!
2019-07-05 19:20:41,648 - UserManagerSystem - DEBUG - UserManagerSystem_v6 - User aa has been added!
2019-07-06 11:48:20,052 - UserManagerSystem - DEBUG - UserManagerSystem_v6 - 51reboot is loged in!
2019-07-06 11:49:24,656 - UserManagerSystem - DEBUG - UserManagerSystem_v6 - 51reboot is loged in!
2019-07-06 11:52:59,856 - UserManagerSystem - DEBUG - UserManagerSystem_v6 - 51reboot is loged in!
2019-07-06 11:55:32,677 - UserManagerSystem - DEBUG - UserManagerSystem_v6 - 51reboot is loged in!
2019-07-06 12:07:29,690 - UserManagerSystem - DEBUG - UserManagerSystem_v6 - 51reboot is loged in!
2019-07-06 12:08:19,324 - UserManagerSystem - DEBUG - UserManagerSystem_v6 - 51reboot is loged in!
2019-07-06 12:10:14,231 - UserManagerSystem - DEBUG - UserManagerSystem_v6 - 51reboot is loged in!
2019-07-06 12:38:42,051 - UserManagerSystem - DEBUG - UserManagerSystem_v6 - 51reboot is loged fialed!
2019-07-06 12:38:46,817 - UserManagerSystem - DEBUG - UserManagerSystem_v6 - 51reboot is loged in!
2019-07-06 12:38:46,817 - UserManagerSystem - DEBUG - UserManagerSystem_v6 - 51reboot is loged in!
2019-07-06 12:43:38,229 - UserManagerSystem - DEBUG - UserManagerSystem_v6 - 51reboot is loged in!
2019-07-06 12:43:59,754 - UserManagerSystem - DEBUG - UserManagerSystem_v6 - 51reboot is loged in!
2019-07-07 00:16:43,158 - UserManagerSystem - DEBUG - UserManagerSystem_v6 - 51reboot is loged in!
2019-07-07 00:16:54,699 - UserManagerSystem - DEBUG - UserManagerSystem_v6 - 51reboot is loged in!
2019-07-07 00:23:45,822 - UserManagerSystem - DEBUG - UserManagerSystem_v6 - 51reboot is loged in!
2019-07-07 00:23:57,561 - UserManagerSystem - DEBUG - UserManagerSystem_v6 - User aaa has been added!
2019-07-07 00:39:08,172 - UserManagerSystem - DEBUG - UserManagerSystem_v6 - 51reboot is loged in!
2019-07-07 00:39:19,785 - UserManagerSystem - DEBUG - UserManagerSystem_v6 - User a has been added!
2019-07-07 00:55:30,888 - UserManagerSystem - DEBUG - UserManagerSystem_v6 - 51reboot is loged in!
2019-07-07 00:58:43,806 - UserManagerSystem - DEBUG - UserManagerSystem_v6 - 51reboot is loged in!
2019-07-07 00:58:54,914 - UserManagerSystem - DEBUG - UserManagerSystem_v6 - User ffffff has been added!
2019-07-07 01:01:11,869 - UserManagerSystem - DEBUG - UserManagerSystem_v6 - 51reboot is loged in!
2019-07-07 01:06:45,565 - UserManagerSystem - DEBUG - UserManagerSystem_v6 - 51reboot is loged in!
2019-07-07 01:07:07,385 - UserManagerSystem - DEBUG - UserManagerSystem_v6 - User qqqqqqqqqqq has been added!
2019-07-13 12:34:43,902 - UserManagerSystem - DEBUG - UserManagerSystem_v6 - User 51reboot has been logout!
